2021-07-10 23:30:10,659 - INFO - ********Test_001_login**********
2021-07-10 23:30:10,660 - INFO - ********Verifying home page title**********
2021-07-10 23:30:15,260 - INFO - ******** home page title test passed**********
2021-07-10 23:30:21,509 - INFO - ********Verifying login test**********
2021-07-10 23:30:28,445 - INFO - ********login test passed**********
2021-07-11 00:38:41,044 - INFO - ********Test__002_DDT_testLogin**********
2021-07-11 00:38:41,045 - INFO - ********Verifying login test**********
2021-07-11 00:38:53,980 - INFO - ****Passed
2021-07-11 00:40:00,007 - INFO - ********Test__002_DDT_testLogin**********
2021-07-11 00:40:00,008 - INFO - ********Verifying login test**********
2021-07-11 00:40:13,095 - INFO - ****Passed
2021-07-11 00:41:46,659 - INFO - ********Test__002_DDT_testLogin**********
2021-07-11 00:41:46,660 - INFO - ********Verifying login test**********
2021-07-11 00:42:00,399 - INFO - ****Passed
2021-07-11 00:43:59,151 - INFO - ********Test__002_DDT_testLogin**********
2021-07-11 00:43:59,151 - INFO - ********Verifying login test**********
2021-07-11 00:44:07,120 - INFO - ****Passed
2021-07-11 00:44:13,954 - INFO - ***Passed*****
2021-07-11 00:44:19,551 - INFO - ***Passed*****
2021-07-11 00:44:25,058 - INFO - ***Passed*****
2021-07-11 00:44:25,058 - INFO - *****Login DDT test Passed*******
2021-07-11 00:44:25,109 - INFO - ******* END of login DDT Test **********
2021-07-11 00:44:25,109 - INFO - *********** Completed TC_LoginDDT_002 ********
2021-07-11 00:44:50,875 - INFO - ********Test__002_DDT_testLogin**********
2021-07-11 00:44:50,876 - INFO - ********Verifying login test**********
2021-07-11 00:45:04,450 - INFO - ****Passed
2021-07-11 00:45:11,737 - INFO - ***Passed*****
2021-07-11 00:45:18,298 - INFO - ***Passed*****
2021-07-11 00:45:23,910 - INFO - ***Passed*****
2021-07-11 00:45:23,910 - INFO - *****Login DDT test Passed*******
2021-07-11 00:45:23,945 - INFO - ******* END of login DDT Test **********
2021-07-11 00:45:23,945 - INFO - *********** Completed TC_LoginDDT_002 ********
2021-07-11 11:14:14,101 - INFO - ********Test__002_DDT_testLogin**********
2021-07-11 11:14:14,102 - INFO - ********Verifying login test**********
2021-07-11 11:14:27,184 - INFO - ****Passed***
2021-07-11 11:14:34,204 - INFO - ***Passed*****
2021-07-11 11:14:39,798 - INFO - ***Passed*****
2021-07-11 11:14:45,474 - INFO - ***Passed*****
2021-07-11 11:14:45,474 - INFO - *****Login DDT test Passed*******
2021-07-11 11:14:45,543 - INFO - ******* END of login DDT Test **********
2021-07-11 11:14:45,544 - INFO - *********** Completed TC_LoginDDT_002 ********
2021-07-12 15:49:54,499 - INFO - ********Test__002_DDT_testLogin**********
2021-07-12 15:49:54,501 - INFO - ********Verifying login test**********
2021-07-12 15:50:09,794 - INFO - ****Passed***
2021-07-12 15:50:17,526 - INFO - ***Passed*****
2021-07-12 15:50:23,507 - INFO - ***Passed*****
2021-07-12 15:50:29,659 - INFO - ***Passed*****
2021-07-12 15:50:29,660 - INFO - *****Login DDT test Passed*******
2021-07-12 15:50:29,808 - INFO - ******* END of login DDT Test **********
2021-07-12 15:50:29,809 - INFO - *********** Completed TC_LoginDDT_002 ********
2021-07-13 00:39:26,286 - INFO - ********Test_001_login**********
2021-07-13 00:39:26,286 - INFO - ********Test_001_login**********
2021-07-13 00:39:26,287 - INFO - ********Verifying home page title**********
2021-07-13 00:39:26,287 - INFO - ********Verifying home page title**********
2021-07-13 00:39:29,427 - INFO - ******** home page title test passed**********
2021-07-13 00:39:29,427 - INFO - ******** home page title test passed**********
2021-07-13 00:39:30,535 - INFO - ********Verifying login test**********
2021-07-13 00:39:30,535 - INFO - ********Verifying login test**********
2021-07-13 00:39:38,040 - INFO - ********login test passed**********
2021-07-13 00:39:38,040 - INFO - ********login test passed**********
2021-07-13 00:39:39,156 - INFO - ********Test__002_DDT_testLogin**********
2021-07-13 00:39:39,156 - INFO - ********Test__002_DDT_testLogin**********
2021-07-13 00:39:39,157 - INFO - ********Verifying login test**********
2021-07-13 00:39:39,157 - INFO - ********Verifying login test**********
2021-07-13 00:39:51,732 - INFO - ****Passed***
2021-07-13 00:39:51,732 - INFO - ****Passed***
2021-07-13 00:39:59,531 - INFO - ***Passed*****
2021-07-13 00:39:59,531 - INFO - ***Passed*****
2021-07-13 00:40:05,989 - INFO - ***Passed*****
2021-07-13 00:40:05,989 - INFO - ***Passed*****
2021-07-13 00:40:11,512 - INFO - ***Passed*****
2021-07-13 00:40:11,512 - INFO - ***Passed*****
2021-07-13 00:40:11,513 - INFO - *****Login DDT test Passed*******
2021-07-13 00:40:11,513 - INFO - *****Login DDT test Passed*******
2021-07-13 00:40:15,630 - INFO - ******* END of login DDT Test **********
2021-07-13 00:40:15,630 - INFO - ******* END of login DDT Test **********
2021-07-13 00:40:15,631 - INFO - *********** Completed TC_LoginDDT_002 ********
2021-07-13 00:40:15,631 - INFO - *********** Completed TC_LoginDDT_002 ********
